<?xml version="1.0" encoding="UTF-8"?>
<!-- Generated by org.testng.reporters.JUnitXMLReporter -->
<testsuite hostname="Nikhilchauhan" name="Mozile Firefox" tests="5" failures="1" timestamp="14 May 2017 18:55:37 GMT" time="222.3" errors="0">
  <testcase name="To_Verify_Page_Load" time="0.229" classname="com.gl.smoke.pom.tests.DemoTests"/>
  <testcase name="To_Verify_Analyze_My_App_Button" time="47.194" classname="com.gl.smoke.pom.tests.DemoTests"/>
  <testcase name="To_Verify_Enter_Credentials_for_Mysitecom" time="2.273" classname="com.gl.smoke.pom.tests.DemoTests"/>
  <testcase name="To_Verify_Generate_Test_Button" time="119.26" classname="com.gl.smoke.pom.tests.DemoTests"/>
  <testcase name="To_Verify_Create_Account_Button" time="11.919" classname="com.gl.smoke.pom.tests.DemoTests">
    <failure type="java.lang.NullPointerException">
      <![CDATA[java.lang.NullPointerException
	at com.gl.smoke.selenium.wrapper.Wrapper.findWebElement(Wrapper.java:143)
	at com.gl.smoke.selenium.wrapper.Wrapper.isElementDisplayed(Wrapper.java:39)
	at com.gl.smoke.pom.core.Dashboard.verifyWelcomeAlert(Dashboard.java:22)
	at com.gl.smoke.pom.tests.DemoTests.To_Verify_Create_Account_Button(DemoTests.java:73)
	at com.gl.smoke.main.MainClass.main(MainClass.java:24)
... Removed 21 stack frames]]>
    </failure>
  </testcase> <!-- To_Verify_Create_Account_Button -->
</testsuite> <!-- Mozile Firefox -->
