<?xml version="1.0" encoding="UTF-8"?>
<testng-results skipped="0" failed="1" total="5" passed="4">
  <reporter-output>
  </reporter-output>
  <suite name="Functional Suite" duration-ms="222300" started-at="2017-05-14T18:51:54Z" finished-at="2017-05-14T18:55:37Z">
    <groups>
      <group name="Fantional Tests ">
        <method signature="DemoTests.To_Verify_Analyze_My_App_Button()[pri:2, instance:com.gl.smoke.pom.tests.DemoTests@3c1e69]" name="To_Verify_Analyze_My_App_Button" class="com.gl.smoke.pom.tests.DemoTests"/>
        <method signature="DemoTests.To_Verify_Create_Account_Button()[pri:5, instance:com.gl.smoke.pom.tests.DemoTests@3c1e69]" name="To_Verify_Create_Account_Button" class="com.gl.smoke.pom.tests.DemoTests"/>
        <method signature="DemoTests.To_Verify_Enter_Credentials_for_Mysitecom()[pri:3, instance:com.gl.smoke.pom.tests.DemoTests@3c1e69]" name="To_Verify_Enter_Credentials_for_Mysitecom" class="com.gl.smoke.pom.tests.DemoTests"/>
        <method signature="DemoTests.To_Verify_Generate_Test_Button()[pri:4, instance:com.gl.smoke.pom.tests.DemoTests@3c1e69]" name="To_Verify_Generate_Test_Button" class="com.gl.smoke.pom.tests.DemoTests"/>
        <method signature="DemoTests.To_Verify_Page_Load()[pri:1, instance:com.gl.smoke.pom.tests.DemoTests@3c1e69]" name="To_Verify_Page_Load" class="com.gl.smoke.pom.tests.DemoTests"/>
      </group> <!-- Fantional Tests  -->
    </groups>
    <test name="Mozile Firefox" duration-ms="222300" started-at="2017-05-14T18:51:54Z" finished-at="2017-05-14T18:55:37Z">
      <class name="com.gl.smoke.pom.tests.DemoTests">
        <test-method status="PASS" signature="setup(java.lang.String, java.lang.String)[pri:0, instance:com.gl.smoke.pom.tests.DemoTests@3c1e69]" test-instance-name="To_Verify_Create_Account_Button" name="setup" is-config="true" duration-ms="37765" started-at="2017-05-15T00:21:54Z" finished-at="2017-05-15T00:22:32Z">
          <params>
            <param index="0">
              <value>
                <![CDATA[firefox]]>
              </value>
            </param>
            <param index="1">
              <value>
                <![CDATA[http://162.243.104.134/urls/onboard]]>
              </value>
            </param>
          </params>
          <reporter-output>
          </reporter-output>
        </test-method> <!-- setup -->
        <test-method status="PASS" signature="extractTestNameFromParameters(java.lang.reflect.Method, [Ljava.lang.Object;)[pri:0, instance:com.gl.smoke.pom.tests.DemoTests@3c1e69]" test-instance-name="To_Verify_Create_Account_Button" name="extractTestNameFromParameters" is-config="true" duration-ms="1" started-at="2017-05-15T00:22:32Z" finished-at="2017-05-15T00:22:32Z">
          <params>
            <param index="0">
              <value>
                <![CDATA[public void com.gl.smoke.pom.tests.DemoTests.To_Verify_Page_Load()]]>
              </value>
            </param>
            <param index="1">
              <value>
                <![CDATA[[Ljava.lang.Object;@21e361]]>
              </value>
            </param>
          </params>
          <reporter-output>
          </reporter-output>
        </test-method> <!-- extractTestNameFromParameters -->
        <test-method status="PASS" signature="To_Verify_Page_Load()[pri:1, instance:com.gl.smoke.pom.tests.DemoTests@3c1e69]" test-instance-name="To_Verify_Create_Account_Button" name="To_Verify_Page_Load" duration-ms="229" started-at="2017-05-15T00:22:32Z" description="Verify Page Load functionality" finished-at="2017-05-15T00:22:32Z">
          <reporter-output>
          </reporter-output>
        </test-method> <!-- To_Verify_Page_Load -->
        <test-method status="PASS" signature="extractTestNameFromParameters(java.lang.reflect.Method, [Ljava.lang.Object;)[pri:0, instance:com.gl.smoke.pom.tests.DemoTests@3c1e69]" test-instance-name="To_Verify_Create_Account_Button" name="extractTestNameFromParameters" is-config="true" duration-ms="0" started-at="2017-05-15T00:22:33Z" finished-at="2017-05-15T00:22:33Z">
          <params>
            <param index="0">
              <value>
                <![CDATA[public void com.gl.smoke.pom.tests.DemoTests.To_Verify_Analyze_My_App_Button()]]>
              </value>
            </param>
            <param index="1">
              <value>
                <![CDATA[[Ljava.lang.Object;@1d4cd39]]>
              </value>
            </param>
          </params>
          <reporter-output>
          </reporter-output>
        </test-method> <!-- extractTestNameFromParameters -->
        <test-method status="PASS" signature="To_Verify_Analyze_My_App_Button()[pri:2, instance:com.gl.smoke.pom.tests.DemoTests@3c1e69]" test-instance-name="To_Verify_Create_Account_Button" name="To_Verify_Analyze_My_App_Button" duration-ms="47194" started-at="2017-05-15T00:22:33Z" description="Verify Analyze My App Button functionality" finished-at="2017-05-15T00:23:20Z">
          <reporter-output>
          </reporter-output>
        </test-method> <!-- To_Verify_Analyze_My_App_Button -->
        <test-method status="PASS" signature="To_Verify_Enter_Credentials_for_Mysitecom()[pri:3, instance:com.gl.smoke.pom.tests.DemoTests@3c1e69]" test-instance-name="To_Verify_Create_Account_Button" name="To_Verify_Enter_Credentials_for_Mysitecom" duration-ms="2273" started-at="2017-05-15T00:23:21Z" description="Verify Enter credentials for my site button functionality" finished-at="2017-05-15T00:23:23Z">
          <reporter-output>
          </reporter-output>
        </test-method> <!-- To_Verify_Enter_Credentials_for_Mysitecom -->
        <test-method status="PASS" signature="extractTestNameFromParameters(java.lang.reflect.Method, [Ljava.lang.Object;)[pri:0, instance:com.gl.smoke.pom.tests.DemoTests@3c1e69]" test-instance-name="To_Verify_Create_Account_Button" name="extractTestNameFromParameters" is-config="true" duration-ms="0" started-at="2017-05-15T00:23:21Z" finished-at="2017-05-15T00:23:21Z">
          <params>
            <param index="0">
              <value>
                <![CDATA[public void com.gl.smoke.pom.tests.DemoTests.To_Verify_Enter_Credentials_for_Mysitecom()]]>
              </value>
            </param>
            <param index="1">
              <value>
                <![CDATA[[Ljava.lang.Object;@9c4eb1]]>
              </value>
            </param>
          </params>
          <reporter-output>
          </reporter-output>
        </test-method> <!-- extractTestNameFromParameters -->
        <test-method status="PASS" signature="extractTestNameFromParameters(java.lang.reflect.Method, [Ljava.lang.Object;)[pri:0, instance:com.gl.smoke.pom.tests.DemoTests@3c1e69]" test-instance-name="To_Verify_Create_Account_Button" name="extractTestNameFromParameters" is-config="true" duration-ms="0" started-at="2017-05-15T00:23:24Z" finished-at="2017-05-15T00:23:24Z">
          <params>
            <param index="0">
              <value>
                <![CDATA[public void com.gl.smoke.pom.tests.DemoTests.To_Verify_Generate_Test_Button()]]>
              </value>
            </param>
            <param index="1">
              <value>
                <![CDATA[[Ljava.lang.Object;@1c79729]]>
              </value>
            </param>
          </params>
          <reporter-output>
          </reporter-output>
        </test-method> <!-- extractTestNameFromParameters -->
        <test-method status="PASS" signature="To_Verify_Generate_Test_Button()[pri:4, instance:com.gl.smoke.pom.tests.DemoTests@3c1e69]" test-instance-name="To_Verify_Create_Account_Button" name="To_Verify_Generate_Test_Button" duration-ms="119260" started-at="2017-05-15T00:23:24Z" description="Verify Generate test button functionality" finished-at="2017-05-15T00:25:23Z">
          <reporter-output>
          </reporter-output>
        </test-method> <!-- To_Verify_Generate_Test_Button -->
        <test-method status="PASS" signature="extractTestNameFromParameters(java.lang.reflect.Method, [Ljava.lang.Object;)[pri:0, instance:com.gl.smoke.pom.tests.DemoTests@3c1e69]" test-instance-name="To_Verify_Create_Account_Button" name="extractTestNameFromParameters" is-config="true" duration-ms="0" started-at="2017-05-15T00:25:24Z" finished-at="2017-05-15T00:25:24Z">
          <params>
            <param index="0">
              <value>
                <![CDATA[public void com.gl.smoke.pom.tests.DemoTests.To_Verify_Create_Account_Button()]]>
              </value>
            </param>
            <param index="1">
              <value>
                <![CDATA[[Ljava.lang.Object;@f6515b]]>
              </value>
            </param>
          </params>
          <reporter-output>
          </reporter-output>
        </test-method> <!-- extractTestNameFromParameters -->
        <test-method status="FAIL" signature="To_Verify_Create_Account_Button()[pri:5, instance:com.gl.smoke.pom.tests.DemoTests@3c1e69]" test-instance-name="To_Verify_Create_Account_Button" name="To_Verify_Create_Account_Button" duration-ms="11919" started-at="2017-05-15T00:25:24Z" description="Verify Create Account button functionality" finished-at="2017-05-15T00:25:36Z">
          <exception class="java.lang.NullPointerException">
            <full-stacktrace>
              <![CDATA[java.lang.NullPointerException
	at com.gl.smoke.selenium.wrapper.Wrapper.findWebElement(Wrapper.java:143)
	at com.gl.smoke.selenium.wrapper.Wrapper.isElementDisplayed(Wrapper.java:39)
	at com.gl.smoke.pom.core.Dashboard.verifyWelcomeAlert(Dashboard.java:22)
	at com.gl.smoke.pom.tests.DemoTests.To_Verify_Create_Account_Button(DemoTests.java:73)
	at sun.reflect.NativeMethodAccessorImpl.invoke0(Native Method)
	at sun.reflect.NativeMethodAccessorImpl.invoke(NativeMethodAccessorImpl.java:62)
	at sun.reflect.DelegatingMethodAccessorImpl.invoke(DelegatingMethodAccessorImpl.java:43)
	at java.lang.reflect.Method.invoke(Method.java:498)
	at org.testng.internal.MethodInvocationHelper.invokeMethod(MethodInvocationHelper.java:85)
	at org.testng.internal.Invoker.invokeMethod(Invoker.java:639)
	at org.testng.internal.Invoker.invokeTestMethod(Invoker.java:816)
	at org.testng.internal.Invoker.invokeTestMethods(Invoker.java:1124)
	at org.testng.internal.TestMethodWorker.invokeTestMethods(TestMethodWorker.java:125)
	at org.testng.internal.TestMethodWorker.run(TestMethodWorker.java:108)
	at org.testng.TestRunner.privateRun(TestRunner.java:774)
	at org.testng.TestRunner.run(TestRunner.java:624)
	at org.testng.SuiteRunner.runTest(SuiteRunner.java:359)
	at org.testng.SuiteRunner.runSequentially(SuiteRunner.java:354)
	at org.testng.SuiteRunner.privateRun(SuiteRunner.java:312)
	at org.testng.SuiteRunner.run(SuiteRunner.java:261)
	at org.testng.SuiteRunnerWorker.runSuite(SuiteRunnerWorker.java:52)
	at org.testng.SuiteRunnerWorker.run(SuiteRunnerWorker.java:86)
	at org.testng.TestNG.runSuitesSequentially(TestNG.java:1215)
	at org.testng.TestNG.runSuitesLocally(TestNG.java:1140)
	at org.testng.TestNG.run(TestNG.java:1048)
	at com.gl.smoke.main.MainClass.main(MainClass.java:24)
]]>
            </full-stacktrace>
          </exception> <!-- java.lang.NullPointerException -->
          <reporter-output>
          </reporter-output>
        </test-method> <!-- To_Verify_Create_Account_Button -->
        <test-method status="PASS" signature="tearDown()[pri:0, instance:com.gl.smoke.pom.tests.DemoTests@3c1e69]" test-instance-name="To_Verify_Create_Account_Button" name="tearDown" is-config="true" duration-ms="27" started-at="2017-05-15T00:25:37Z" finished-at="2017-05-15T00:25:37Z">
          <reporter-output>
          </reporter-output>
        </test-method> <!-- tearDown -->
      </class> <!-- com.gl.smoke.pom.tests.DemoTests -->
    </test> <!-- Mozile Firefox -->
  </suite> <!-- Functional Suite -->
</testng-results>
